🔊 Generando resumen por voz
ALSA lib pcm.c:2722:(snd_pcm_open_noupdate) Unknown PCM cards.pcm.rear
ALSA lib pcm.c:2722:(snd_pcm_open_noupdate) Unknown PCM cards.pcm.center_lfe
ALSA lib pcm.c:2722:(snd_pcm_open_noupdate) Unknown PCM cards.pcm.side
ALSA lib pcm_route.c:878:(find_matching_chmap) Found no matching channel map
ALSA lib pcm_route.c:878:(find_matching_chmap) Found no matching channel map
ALSA lib pcm_route.c:878:(find_matching_chmap) Found no matching channel map
ALSA lib pcm_route.c:878:(find_matching_chmap) Found no matching channel map
Cannot connect to server socket err = No such file or directory
Cannot connect to server request channel
jack server is not running or cannot be started
JackShmReadWritePtr::~JackShmReadWritePtr - Init not done for -1, skipping unlock
JackShmReadWritePtr::~JackShmReadWritePtr - Init not done for -1, skipping unlock
Cannot connect to server socket err = No such file or directory
Cannot connect to server request channel
jack server is not running or cannot be started
JackShmReadWritePtr::~JackShmReadWritePtr - Init not done for -1, skipping unlock
JackShmReadWritePtr::~JackShmReadWritePtr - Init not done for -1, skipping unlock
ALSA lib pcm_oss.c:404:(_snd_pcm_oss_open) Cannot open device /dev/dsp
ALSA lib pcm_oss.c:404:(_snd_pcm_oss_open) Cannot open device /dev/dsp
ALSA lib pulse.c:242:(pulse_connect) PulseAudio: Unable to connect: Connection refused

ALSA lib pulse.c:242:(pulse_connect) PulseAudio: Unable to connect: Connection refused

ALSA lib pcm_a52.c:1036:(_snd_pcm_a52_open) a52 is only for playback
ALSA lib confmisc.c:160:(snd_config_get_card) Invalid field card
ALSA lib pcm_usb_stream.c:481:(_snd_pcm_usb_stream_open) Invalid card 'card'
ALSA lib confmisc.c:160:(snd_config_get_card) Invalid field card
ALSA lib pcm_usb_stream.c:481:(_snd_pcm_usb_stream_open) Invalid card 'card'
ALSA lib pcm_dmix.c:1000:(snd_pcm_dmix_open) unable to open slave
Cannot connect to server socket err = No such file or directory
Cannot connect to server request channel
jack server is not running or cannot be started
JackShmReadWritePtr::~JackShmReadWritePtr - Init not done for -1, skipping unlock
JackShmReadWritePtr::~JackShmReadWritePtr - Init not done for -1, skipping unlock
Expression 'ret' failed in 'src/hostapi/alsa/pa_linux_alsa.c', line: 1736
Expression 'AlsaOpen( hostApi, parameters, streamDir, &pcm )' failed in 'src/hostapi/alsa/pa_linux_alsa.c', line: 1768
Expression 'ret' failed in 'src/hostapi/alsa/pa_linux_alsa.c', line: 1736
Expression 'AlsaOpen( hostApi, parameters, streamDir, &pcm )' failed in 'src/hostapi/alsa/pa_linux_alsa.c', line: 1768
ALSA lib pcm_dmix.c:1000:(snd_pcm_dmix_open) unable to open slave
ALSA lib pcm_dmix.c:1000:(snd_pcm_dmix_open) unable to open slave
ALSA lib pcm_dmix.c:1000:(snd_pcm_dmix_open) unable to open slave
ALSA lib pcm_dmix.c:1000:(snd_pcm_dmix_open) unable to open slave
ALSA lib pcm_dmix.c:1000:(snd_pcm_dmix_open) unable to open slave
ALSA lib pcm_dmix.c:1000:(snd_pcm_dmix_open) unable to open slave
ALSA lib pcm_dmix.c:1000:(snd_pcm_dmix_open) unable to open slave
ALSA lib pcm_dmix.c:1000:(snd_pcm_dmix_open) unable to open slave
ALSA lib pcm_dmix.c:1000:(snd_pcm_dmix_open) unable to open slave
ALSA lib pcm_dmix.c:1000:(snd_pcm_dmix_open) unable to open slave
ALSA lib pcm_dmix.c:1000:(snd_pcm_dmix_open) unable to open slave
ALSA lib pcm_dmix.c:1000:(snd_pcm_dmix_open) unable to open slave
ALSA lib pcm_dmix.c:1000:(snd_pcm_dmix_open) unable to open slave
ALSA lib pcm_dmix.c:1000:(snd_pcm_dmix_open) unable to open slave
ALSA lib pcm_dmix.c:1000:(snd_pcm_dmix_open) unable to open slave
ALSA lib pcm_dmix.c:1000:(snd_pcm_dmix_open) unable to open slave
ALSA lib pcm_dmix.c:1000:(snd_pcm_dmix_open) unable to open slave
ALSA lib pcm_dmix.c:1000:(snd_pcm_dmix_open) unable to open slave
ALSA lib pcm_dmix.c:1000:(snd_pcm_dmix_open) unable to open slave
ALSA lib pcm_dmix.c:1000:(snd_pcm_dmix_open) unable to open slave
ALSA lib pcm_dmix.c:1000:(snd_pcm_dmix_open) unable to open slave
ALSA lib pcm_dmix.c:1000:(snd_pcm_dmix_open) unable to open slave
ALSA lib pcm_dmix.c:1000:(snd_pcm_dmix_open) unable to open slave
ALSA lib pcm_dmix.c:1000:(snd_pcm_dmix_open) unable to open slave
ALSA lib pcm_dmix.c:1000:(snd_pcm_dmix_open) unable to open slave
ALSA lib pcm_dmix.c:1000:(snd_pcm_dmix_open) unable to open slave
ALSA lib pcm_dmix.c:1000:(snd_pcm_dmix_open) unable to open slave
ALSA lib pcm_dmix.c:1000:(snd_pcm_dmix_open) unable to open slave
ALSA lib pcm_dmix.c:1000:(snd_pcm_dmix_open) unable to open slave
ALSA lib pcm_dmix.c:1000:(snd_pcm_dmix_open) unable to open slave
ALSA lib pcm_dmix.c:1000:(snd_pcm_dmix_open) unable to open slave
ALSA lib pcm_dmix.c:1000:(snd_pcm_dmix_open) unable to open slave
ALSA lib pcm_dmix.c:1000:(snd_pcm_dmix_open) unable to open slave
ALSA lib pcm_dmix.c:1000:(snd_pcm_dmix_open) unable to open slave
ALSA lib pcm_dmix.c:1000:(snd_pcm_dmix_open) unable to open slave
ALSA lib pcm_dmix.c:1000:(snd_pcm_dmix_open) unable to open slave
ALSA lib pcm_dmix.c:1000:(snd_pcm_dmix_open) unable to open slave
ALSA lib pcm_dmix.c:1000:(snd_pcm_dmix_open) unable to open slave
ALSA lib pcm_dmix.c:1000:(snd_pcm_dmix_open) unable to open slave
ALSA lib pcm_dmix.c:1000:(snd_pcm_dmix_open) unable to open slave
ALSA lib pcm_dmix.c:1000:(snd_pcm_dmix_open) unable to open slave
ALSA lib pcm_dmix.c:1000:(snd_pcm_dmix_open) unable to open slave
ALSA lib pcm_dmix.c:1000:(snd_pcm_dmix_open) unable to open slave
ALSA lib pcm_dmix.c:1000:(snd_pcm_dmix_open) unable to open slave
ALSA lib pcm_dmix.c:1000:(snd_pcm_dmix_open) unable to open slave
ALSA lib pcm_dmix.c:1000:(snd_pcm_dmix_open) unable to open slave
ALSA lib pcm_dmix.c:1000:(snd_pcm_dmix_open) unable to open slave
ALSA lib pcm_dmix.c:1000:(snd_pcm_dmix_open) unable to open slave
ALSA lib pcm_dmix.c:1000:(snd_pcm_dmix_open) unable to open slave
ALSA lib pcm_dmix.c:1000:(snd_pcm_dmix_open) unable to open slave
ALSA lib pcm_dmix.c:1000:(snd_pcm_dmix_open) unable to open slave
ALSA lib pcm_dmix.c:1000:(snd_pcm_dmix_open) unable to open slave
ALSA lib pcm_dmix.c:1000:(snd_pcm_dmix_open) unable to open slave
ALSA lib pcm_dmix.c:1000:(snd_pcm_dmix_open) unable to open slave
ALSA lib pcm_dmix.c:1000:(snd_pcm_dmix_open) unable to open slave
ALSA lib pcm_dmix.c:1000:(snd_pcm_dmix_open) unable to open slave
ALSA lib pcm_dmix.c:1000:(snd_pcm_dmix_open) unable to open slave
ALSA lib pcm_dmix.c:1000:(snd_pcm_dmix_open) unable to open slave
ALSA lib pcm_dmix.c:1000:(snd_pcm_dmix_open) unable to open slave
ALSA lib pcm_dmix.c:1000:(snd_pcm_dmix_open) unable to open slave
ALSA lib pcm_dmix.c:1000:(snd_pcm_dmix_open) unable to open slave
ALSA lib pcm_dmix.c:1000:(snd_pcm_dmix_open) unable to open slave
ALSA lib pcm_dmix.c:1000:(snd_pcm_dmix_open) unable to open slave
ALSA lib pcm_dmix.c:1000:(snd_pcm_dmix_open) unable to open slave
ALSA lib pcm_dmix.c:1000:(snd_pcm_dmix_open) unable to open slave
ALSA lib pcm_dmix.c:1000:(snd_pcm_dmix_open) unable to open slave
ALSA lib pcm_dmix.c:1000:(snd_pcm_dmix_open) unable to open slave
ALSA lib pcm_dmix.c:1000:(snd_pcm_dmix_open) unable to open slave
ALSA lib pcm_dmix.c:1000:(snd_pcm_dmix_open) unable to open slave
ALSA lib pcm_dmix.c:1000:(snd_pcm_dmix_open) unable to open slave
ALSA lib pcm_dmix.c:1000:(snd_pcm_dmix_open) unable to open slave
ALSA lib pcm_dmix.c:1000:(snd_pcm_dmix_open) unable to open slave
ALSA lib pcm_dmix.c:1000:(snd_pcm_dmix_open) unable to open slave
ALSA lib pcm_dmix.c:1000:(snd_pcm_dmix_open) unable to open slave
ALSA lib pcm_dmix.c:1000:(snd_pcm_dmix_open) unable to open slave
ALSA lib pcm_dmix.c:1000:(snd_pcm_dmix_open) unable to open slave
ALSA lib pcm_dmix.c:1000:(snd_pcm_dmix_open) unable to open slave
ALSA lib pcm_dmix.c:1000:(snd_pcm_dmix_open) unable to open slave
ALSA lib pcm_dmix.c:1000:(snd_pcm_dmix_open) unable to open slave
ALSA lib pcm_dmix.c:1000:(snd_pcm_dmix_open) unable to open slave
ALSA lib pcm_dmix.c:1000:(snd_pcm_dmix_open) unable to open slave
ALSA lib pcm_dmix.c:1000:(snd_pcm_dmix_open) unable to open slave
ALSA lib pcm_dmix.c:1000:(snd_pcm_dmix_open) unable to open slave
ALSA lib pcm_dmix.c:1000:(snd_pcm_dmix_open) unable to open slave
ALSA lib pcm_dmix.c:1000:(snd_pcm_dmix_open) unable to open slave
ALSA lib pcm_dmix.c:1000:(snd_pcm_dmix_open) unable to open slave
ALSA lib pcm_dmix.c:1000:(snd_pcm_dmix_open) unable to open slave
ALSA lib pcm_dmix.c:1000:(snd_pcm_dmix_open) unable to open slave
ALSA lib pcm_dmix.c:1000:(snd_pcm_dmix_open) unable to open slave
ALSA lib pcm_dmix.c:1000:(snd_pcm_dmix_open) unable to open slave
ALSA lib pcm_dmix.c:1000:(snd_pcm_dmix_open) unable to open slave
ALSA lib pcm_dmix.c:1000:(snd_pcm_dmix_open) unable to open slave
ALSA lib pcm_dmix.c:1000:(snd_pcm_dmix_open) unable to open slave
ALSA lib pcm_dmix.c:1000:(snd_pcm_dmix_open) unable to open slave
ALSA lib pcm_dmix.c:1000:(snd_pcm_dmix_open) unable to open slave
ALSA lib pcm_dmix.c:1000:(snd_pcm_dmix_open) unable to open slave
ALSA lib pcm_dmix.c:1000:(snd_pcm_dmix_open) unable to open slave
ALSA lib pcm_dmix.c:1000:(snd_pcm_dmix_open) unable to open slave
ALSA lib pcm_dmix.c:1000:(snd_pcm_dmix_open) unable to open slave
ALSA lib pcm_dmix.c:1000:(snd_pcm_dmix_open) unable to open slave
ALSA lib pcm_dmix.c:1000:(snd_pcm_dmix_open) unable to open slave
Expression 'ret' failed in 'src/hostapi/alsa/pa_linux_alsa.c', line: 1736
Expression 'AlsaOpen( hostApi, parameters, streamDir, &pcm )' failed in 'src/hostapi/alsa/pa_linux_alsa.c', line: 1768
Expression 'ret' failed in 'src/hostapi/alsa/pa_linux_alsa.c', line: 1736
Expression 'AlsaOpen( hostApi, parameters, streamDir, &pcm )' failed in 'src/hostapi/alsa/pa_linux_alsa.c', line: 1768
Expression 'parameters->channelCount <= maxChans' failed in 'src/hostapi/alsa/pa_linux_alsa.c', line: 1514
Expression 'ValidateParameters( outputParameters, hostApi, StreamDirection_Out )' failed in 'src/hostapi/alsa/pa_linux_alsa.c', line: 1846
Expression 'parameters->channelCount <= maxChans' failed in 'src/hostapi/alsa/pa_linux_alsa.c', line: 1514
Expression 'ValidateParameters( outputParameters, hostApi, StreamDirection_Out )' failed in 'src/hostapi/alsa/pa_linux_alsa.c', line: 1846
Expression 'parameters->channelCount <= maxChans' failed in 'src/hostapi/alsa/pa_linux_alsa.c', line: 1514
Expression 'ValidateParameters( outputParameters, hostApi, StreamDirection_Out )' failed in 'src/hostapi/alsa/pa_linux_alsa.c', line: 1846
Expression 'framesAvail' failed in 'src/hostapi/alsa/pa_linux_alsa.c', line: 3625
Expression 'PaAlsaStreamComponent_GetAvailableFrames( self, &framesAvail, xrun )' failed in 'src/hostapi/alsa/pa_linux_alsa.c', line: 3985
Expression 'PaAlsaStreamComponent_RegisterChannels( &self->playback, &self->bufferProcessor, &playbackFrames, &xrun )' failed in 'src/hostapi/alsa/pa_linux_alsa.c', line: 4114
Expression 'PaAlsaStream_SetUpBuffers( stream, &framesGot, &xrun )' failed in 'src/hostapi/alsa/pa_linux_alsa.c', line: 4355
