  adding: proyecto_backup_NT_2025-06-23.tar.gz (deflated 0%)
  adding: proyecto_backup_SM_2025-06-23.tar.gz (deflated 0%)
  adding: proyecto_backup_SC_2025-06-23.tar.gz (deflated 0%)
  adding: proyecto_backup_H2_2025-06-23.tar.gz (deflated 0%)
📨 Documento enviado a Telegram: combined_backup_2025-06-23.zip
✅ Completado: empaquetados 4 archivos, enviado y programada eliminación.
updating: proyecto_backup_NT_2025-06-23.tar.gz (deflated 0%)
updating: proyecto_backup_SM_2025-06-23.tar.gz (deflated 0%)
updating: proyecto_backup_SC_2025-06-23.tar.gz (deflated 0%)
updating: proyecto_backup_H2_2025-06-23.tar.gz (deflated 0%)
📨 Documento enviado a Telegram: combined_backup_2025-06-23.zip
✅ Completado: empaquetados 4 archivos, enviado y programada eliminación.
📨 Mensaje enviado a Telegram
  adding: proyecto_backup_NT_2025-06-23.tar.gz (deflated 0%)
  adding: proyecto_backup_SM_2025-06-23.tar.gz (deflated 0%)
  adding: proyecto_backup_SC_2025-06-23.tar.gz (deflated 0%)
  adding: proyecto_backup_2H_2025-06-23.tar.gz (deflated 0%)
📨 Documento enviado a Telegram: combined_backup_2025-06-23.zip
✅ Completado: empaquetados 4 archivos, enviado y programada eliminación.
📨 Mensaje enviado a Telegram
📨 Mensaje enviado a Telegram
