Error al lanzar (춺spawn췉) el comando 춺dbus-launch --autolaunch=92d5645cf0b3499b9876f2a19f502d1d --binary-syntax --close-stderr췉: El proceso hijo termin칩 con el c칩digo 1
Error al lanzar (춺spawn췉) el comando 춺dbus-launch --autolaunch=92d5645cf0b3499b9876f2a19f502d1d --binary-syntax --close-stderr췉: El proceso hijo termin칩 con el c칩digo 1

speaker-test 1.2.14

Playback device is default
Stream parameters are 48000Hz, S16_LE, 1 channels
WAV file(s)
Rate set to 48000Hz (requested 48000Hz)
Buffer size range from 192 to 2097152
Period size range from 64 to 699051
Periods = 4
was set period_size = 12000
was set buffer_size = 48000
 0 - Front Left
Time per period = 0,479641

speaker-test 1.2.14

Playback device is default
Stream parameters are 48000Hz, S16_LE, 1 channels
WAV file(s)
Rate set to 48000Hz (requested 48000Hz)
Buffer size range from 192 to 2097152
Period size range from 64 to 699051
Periods = 4
was set period_size = 12000
was set buffer_size = 48000
No se puede lanzar D-Bus autom치ticamente sin X11 $DISPLAY
No se puede lanzar D-Bus autom치ticamente sin X11 $DISPLAY
No se puede lanzar D-Bus autom치ticamente sin X11 $DISPLAY
No se puede lanzar D-Bus autom치ticamente sin X11 $DISPLAY
No se puede lanzar D-Bus autom치ticamente sin X11 $DISPLAY
No se puede lanzar D-Bus autom치ticamente sin X11 $DISPLAY
No se puede lanzar D-Bus autom치ticamente sin X11 $DISPLAY
No se puede lanzar D-Bus autom치ticamente sin X11 $DISPLAY
No se puede lanzar D-Bus autom치ticamente sin X11 $DISPLAY
No se puede lanzar D-Bus autom치ticamente sin X11 $DISPLAY
No se puede lanzar D-Bus autom치ticamente sin X11 $DISPLAY
No se puede lanzar D-Bus autom치ticamente sin X11 $DISPLAY
No se puede lanzar D-Bus autom치ticamente sin X11 $DISPLAY
No se puede lanzar D-Bus autom치ticamente sin X11 $DISPLAY
No se puede lanzar D-Bus autom치ticamente sin X11 $DISPLAY
No se puede lanzar D-Bus autom치ticamente sin X11 $DISPLAY
No se puede lanzar D-Bus autom치ticamente sin X11 $DISPLAY
No se puede lanzar D-Bus autom치ticamente sin X11 $DISPLAY
No se puede lanzar D-Bus autom치ticamente sin X11 $DISPLAY
No se puede lanzar D-Bus autom치ticamente sin X11 $DISPLAY
No se puede lanzar D-Bus autom치ticamente sin X11 $DISPLAY
No se puede lanzar D-Bus autom치ticamente sin X11 $DISPLAY
No se puede lanzar D-Bus autom치ticamente sin X11 $DISPLAY
No se puede lanzar D-Bus autom치ticamente sin X11 $DISPLAY
No se puede lanzar D-Bus autom치ticamente sin X11 $DISPLAY
No se puede lanzar D-Bus autom치ticamente sin X11 $DISPLAY
No se puede lanzar D-Bus autom치ticamente sin X11 $DISPLAY
No se puede lanzar D-Bus autom치ticamente sin X11 $DISPLAY
No se puede lanzar D-Bus autom치ticamente sin X11 $DISPLAY
No se puede lanzar D-Bus autom치ticamente sin X11 $DISPLAY
No se puede lanzar D-Bus autom치ticamente sin X11 $DISPLAY
No se puede lanzar D-Bus autom치ticamente sin X11 $DISPLAY
No se puede lanzar D-Bus autom치ticamente sin X11 $DISPLAY
No se puede lanzar D-Bus autom치ticamente sin X11 $DISPLAY
No se puede lanzar D-Bus autom치ticamente sin X11 $DISPLAY
No se puede lanzar D-Bus autom치ticamente sin X11 $DISPLAY
No se puede lanzar D-Bus autom치ticamente sin X11 $DISPLAY
No se puede lanzar D-Bus autom치ticamente sin X11 $DISPLAY
No se puede lanzar D-Bus autom치ticamente sin X11 $DISPLAY
No se puede lanzar D-Bus autom치ticamente sin X11 $DISPLAY
No se puede lanzar D-Bus autom치ticamente sin X11 $DISPLAY
No se puede lanzar D-Bus autom치ticamente sin X11 $DISPLAY
No se puede lanzar D-Bus autom치ticamente sin X11 $DISPLAY
No se puede lanzar D-Bus autom치ticamente sin X11 $DISPLAY
No se puede lanzar D-Bus autom치ticamente sin X11 $DISPLAY
Error al lanzar (춺spawn췉) el comando 춺dbus-launch --autolaunch=92d5645cf0b3499b9876f2a19f502d1d --binary-syntax --close-stderr췉: El proceso hijo termin칩 con el c칩digo 1
Ya se est치 ejecutando. Abortando.
Ya se est치 ejecutando. Abortando.
Ya se est치 ejecutando. Abortando.
Ya se est치 ejecutando. Abortando.
Ya se est치 ejecutando. Abortando.
Error al lanzar (춺spawn췉) el comando 춺dbus-launch --autolaunch=92d5645cf0b3499b9876f2a19f502d1d --binary-syntax --close-stderr췉: El proceso hijo termin칩 con el c칩digo 1
Error al lanzar (춺spawn췉) el comando 춺dbus-launch --autolaunch=92d5645cf0b3499b9876f2a19f502d1d --binary-syntax --close-stderr췉: El proceso hijo termin칩 con el c칩digo 1
游댌 Monitoring /home/markmur88/Notas for changes...
