 Resumen total del proyecto (notas acumuladas)

 Audios grabados:
/home/markmur88/Notas/audio/2025-06-13/voz_03-56-28.wav
/home/markmur88/Notas/audio/2025-06-13/voz_04-02-01.wav
/home/markmur88/Notas/audio/2025-06-13/voz_04-02-26.wav
/home/markmur88/Notas/audio/2025-06-13/voz_04-01-35.wav
/home/markmur88/Notas/audio/2025-06-09/voz_14-44-56.wav

 Tareas Pendientes:
 /home/markmur88/Notas/pending.txt
Confirmar IP obtenida.
Test con los siguientes procesos:
1. Local a Local.
2. Local a VPS.
3. VPS a VPS.
4. VPS a Local.Entorno
test de prueba

 Tareas Completas:
 /home/markmur88/Notas/complete.txt
Dominio
DNS
IP
IP Servidor
En red segura
Sincronizaci贸n
Plantilla
Conexi贸n Banco
d_local -S -Gi
vps_locsync
Run Simulador
Test
correr local
Pantilla Comexi贸n Banco
d_njalla
vps_locsyncl
И 1. Local a Local
chmod
d_njalla
vps_locsyncl
vps_sim_start
IP
"auth_url": "https://simulator-api.db.com:443/gw/oidc/authorize?response_type=code&client_id=7c1e2c53-8cc3-4ea0-bdd6-b3423e76adc7&redirect_uri=https://ap
https://simulator-api.db.com:443/gw/oidc/authorize
4. VPS a Local.arreglar puertos vps
Arreglar puertos vps.
Sincronizaci贸n - Menu Deploy 2 (zSync).
Reinicio API - Menu Deploy 5 (api_restart_local).
Correr running - Menu Simulador 5 (sim_bank_restart).
Arreglar Ip din谩mica.
bdd
sync
Arreglar IP din谩mica.
Entorno
bdd
hacer prueba de conexion
reemplazar archivos para carga de datos a bdd con env
sync
me quedo en sandbox
Arreglar IP din谩mica.
despu茅s revisar entorno que aplique las salidas
revisar archivos de sincronizaci贸n cron
Arreglar Git Notas
env
arreglar rutas deploy vps, observar notas
Arreglar plantilla env铆o.
plantilla de conexion
crear entorno de conexion para suimulador
Arrancar servidor en vps con servicios independientes.
completar servidor.
